d:\college\project\stock market simulator\stock market simulator\debug\vc120.pdb
d:\college\project\stock market simulator\stock market simulator\debug\vc120.idb
d:\college\project\stock market simulator\stock market simulator\debug\admin.obj
d:\college\project\stock market simulator\stock market simulator\debug\bank.obj
d:\college\project\stock market simulator\stock market simulator\debug\broker.obj
d:\college\project\stock market simulator\stock market simulator\debug\client.obj
d:\college\project\stock market simulator\stock market simulator\debug\market.obj
d:\college\project\stock market simulator\stock market simulator\debug\notification.obj
d:\college\project\stock market simulator\stock market simulator\debug\person.obj
d:\college\project\stock market simulator\stock market simulator\debug\portfilo.obj
d:\college\project\stock market simulator\stock market simulator\debug\stateofaccount.obj
d:\college\project\stock market simulator\stock market simulator\debug\stocks.obj
d:\college\project\stock market simulator\stock market simulator\debug\trade.obj
d:\college\project\stock market simulator\stock market simulator\debug\main.obj
d:\college\project\stock market simulator\stock market simulator\debug\scan.obj
d:\college\project\stock market simulator\debug\stock market simulator.ilk
d:\college\project\stock market simulator\debug\stock market simulator.exe
d:\college\project\stock market simulator\debug\stock market simulator.pdb
d:\college\project\stock market simulator\stock market simulator\debug\stock ma.b39da763.tlog\cl.command.1.tlog
d:\college\project\stock market simulator\stock market simulator\debug\stock ma.b39da763.tlog\cl.read.1.tlog
d:\college\project\stock market simulator\stock market simulator\debug\stock ma.b39da763.tlog\cl.write.1.tlog
d:\college\project\stock market simulator\stock market simulator\debug\stock ma.b39da763.tlog\link.command.1.tlog
d:\college\project\stock market simulator\stock market simulator\debug\stock ma.b39da763.tlog\link.read.1.tlog
d:\college\project\stock market simulator\stock market simulator\debug\stock ma.b39da763.tlog\link.write.1.tlog
